[2024-03-31T16:51:26.426Z] GET /dashboard
[2024-03-31T16:51:55.003Z] GET /dashboard
[2024-03-31T16:53:28.006Z] GET /dashboard
[2024-03-31T16:53:35.984Z] GET /dashboard
[2024-03-31T16:55:18.812Z] GET /dashboard
[2024-03-31T16:57:03.632Z] GET /dashboard
[2024-03-31T16:57:14.589Z] GET /dashboard
[2024-03-31T16:58:12.142Z] GET /dashboard
[2024-03-31T16:59:52.313Z] GET /dashboard
[2024-03-31T17:00:55.362Z] GET /watercolour-paintings
[2024-03-31T17:00:57.705Z] GET /
[2024-03-31T17:00:57.715Z] GET /login
[2024-03-31T17:00:57.737Z] GET /style.css
[2024-03-31T17:00:57.750Z] GET /img.jpg
[2024-03-31T17:01:03.319Z] POST /login
[2024-03-31T17:01:03.570Z] GET /dashboard
[2024-03-31T17:01:03.605Z] GET /get-username
[2024-03-31T17:01:03.611Z] GET /img.jpg
[2024-03-31T17:01:04.899Z] GET /just-launched
[2024-03-31T17:01:21.882Z] GET /watercolour-paintings
